<?xml version="1.0" encoding="UTF-8"?>
<!-- Generated by org.testng.reporters.JUnitReportReporter -->
<testsuite hostname="MSI" failures="0" tests="1" name="com.juaracoding.posttest21.TestPost" time="2.334" errors="0" timestamp="2022-08-24T21:47:44 WIB" skipped="0">
  <testcase classname="com.juaracoding.posttest21.TestPost" name="TestPatch" time="2.334"/>
  <system-out/>
</testsuite> <!-- com.juaracoding.posttest21.TestPost -->
