<?xml version="1.0" encoding="UTF-8"?>
<!-- Generated by org.testng.reporters.JUnitReportReporter -->
<testsuite hostname="MSI" failures="0" tests="1" name="com.juaracoding.posttest21.TestAPI" time="2.439" errors="0" timestamp="2022-08-23T23:32:57 WIB" skipped="0">
  <testcase classname="com.juaracoding.posttest21.TestAPI" name="TestId" time="2.439"/>
  <system-out/>
</testsuite> <!-- com.juaracoding.posttest21.TestAPI -->
