<?xml version="1.0" encoding="UTF-8"?>
<!-- Generated by org.testng.reporters.JUnitReportReporter -->
<testsuite hostname="MSI" failures="0" tests="1" name="com.juaracoding.posttest21.TestPost" time="2.212" errors="0" timestamp="2022-08-23T23:45:11 WIB" skipped="0">
  <testcase classname="com.juaracoding.posttest21.TestPost" name="TestPost21" time="2.212"/>
  <system-out/>
</testsuite> <!-- com.juaracoding.posttest21.TestPost -->
