<?xml version="1.0" encoding="UTF-8"?>
<!-- Generated by org.testng.reporters.JUnitReportReporter -->
<testsuite hostname="MSI" failures="0" tests="1" name="com.juaracoding.posttest21.TestGet" time="2.467" errors="0" timestamp="2022-08-23T23:49:08 WIB" skipped="0">
  <testcase classname="com.juaracoding.posttest21.TestGet" name="TestValidTiga" time="2.467"/>
  <system-out/>
</testsuite> <!-- com.juaracoding.posttest21.TestGet -->
